<?xml version="1.0" encoding="UTF-8"?>
<testsuite name="ohtu.verkkokauppa.KauppaTest" tests="1" skipped="0" failures="0" errors="0" timestamp="2021-03-22T06:25:08" hostname="LAPTOP-T869T3NR" time="0.556">
  <properties/>
  <testcase name="ostoksenPaaytyttyaPankinMetodiaTilisiirtoKutsutaan" classname="ohtu.verkkokauppa.KauppaTest" time="0.556"/>
  <system-out><![CDATA[]]></system-out>
  <system-err><![CDATA[]]></system-err>
</testsuite>
