<?xml version="1.0" encoding="UTF-8"?>
<testsuite name="ohtu.verkkokauppa.KauppaTest" tests="5" skipped="0" failures="0" errors="0" timestamp="2021-03-22T07:00:16" hostname="LAPTOP-T869T3NR" time="0.542">
  <properties/>
  <testcase name="ostoksenPaatyttyaPankinMetodiTilisiirtoKutsutaanOikeillaParametreilla" classname="ohtu.verkkokauppa.KauppaTest" time="0.532"/>
  <testcase name="ostoksenPaaytyttyaPankinMetodiaTilisiirtoKutsutaan" classname="ohtu.verkkokauppa.KauppaTest" time="0.002"/>
  <testcase name="asiakasLaskutetaanOikeallaTavalla" classname="ohtu.verkkokauppa.KauppaTest" time="0.002"/>
  <testcase name="eriTuotteitaVoiOstaa" classname="ohtu.verkkokauppa.KauppaTest" time="0.002"/>
  <testcase name="samaaTuotettaVoiOstaaMonta" classname="ohtu.verkkokauppa.KauppaTest" time="0.002"/>
  <system-out><![CDATA[]]></system-out>
  <system-err><![CDATA[]]></system-err>
</testsuite>
